2020-1-18 22:45:14 Log configured at 
2020-1-18 22:45:28 Log configured at 
2020-1-18 22:47:35 Log configured at 
2020-1-18 23:0:20 Log configured at 
2020-1-18 23:52:14 Log configured at 
2020-1-18 23:52:54 Log configured at 
2020-1-18 23:54:02 Log configured at 
2020-1-18 23:54:24 Log configured at 
2020-1-18 23:56:14 Log configured at 
2020-1-18 23:57:03 Log configured at 
2020-1-18 23:57:42 Log configured at 
2020-1-18 23:58:52 Log configured at 
2020-1-19 00:02:51 Log configured at 
2020-1-19 00:04:26 Log configured at 
2020-1-19 14:31:56 Log configured at 
2020-1-19 20:08:55 Log configured at 
2020-1-19 20:09:26 Log configured at 
2020-1-19 20:10:59 Log configured at 
2020-1-19 20:11:39 Log configured at 
2020-1-19T20:12:23 Log configured at 
2020-01-19 20:13:41 Log configured at 
2020-01-19 08:15:15 Log configured at 
2020-01-19 08:17:45 Log configured at 
2020-01-19 08:18:30 Log configured at 
2020-01-19 08:18:50 Log configured at 
2020-01-19 08:19:17 Log configured at 
2020-01-19 08:20:16 Log configured at 
2020-01-19 08:20:49 Log configured at 
2020-01-19 08:22:02 Log configured at 
2020-01-19 08:23:42 Log configured at 
2020-01-19 08:24:12 Log configured at 
2020-01-19 08:24:59 Log configured at 
2020-01-19 08:26:02 Log configured at 
2020-01-19 08:27:35 Log configured at 
2020-01-19 08:31:41 Log configured at 
2020-01-19 08:33:10 Log configured at 
2020-01-19 08:34:11 Log configured at 
2020-01-19 08:34:11 Simulation resuming
2020-01-19 08:35:11 Log configured at 
2020-01-19 08:35:11 Simulation resuming
2020-01-19 08:35:11 .
2020-01-19 08:35:11 .
2020-01-19 08:35:11 .
2020-01-19 08:35:11 .
2020-01-19 08:35:11 .
2020-01-19 08:35:11 .
2020-01-19 08:35:11 .
2020-01-19 08:35:11 .
2020-01-19 08:35:11 .
2020-01-19 08:35:11 .
2020-01-19 08:35:11 .
2020-01-19 08:35:11 .
2020-01-19 08:35:11 .
2020-01-19 08:35:36 Log configured at 
2020-01-19 08:35:36 Simulation resuming
2020-01-19 08:35:36 .
2020-01-19 08:35:36 .
2020-01-19 08:35:36 .
2020-01-19 08:35:36 .
2020-01-19 08:35:36 .
2020-01-19 08:35:36 .
2020-01-19 08:35:36 .
2020-01-19 08:35:36 .
2020-01-19 08:35:36 .
2020-01-19 08:35:36 .
2020-01-19 08:35:36 .
2020-01-19 08:35:36 .
2020-01-19 08:35:36 .
2020-01-19 08:35:36 .
2020-01-19 08:35:36 .
2020-01-19 08:35:36 .
2020-01-19 08:35:36 .
2020-01-19 08:35:36 .
2020-01-19 08:35:36 .
2020-01-19 08:35:36 .
2020-01-19 08:35:36 .
2020-01-19 08:35:36 .
2020-01-19 08:35:36 .
2020-01-19 08:35:36 .
2020-01-19 08:35:36 .
2020-01-19 08:35:36 .
2020-01-19 08:35:36 .
2020-01-19 08:35:36 .
2020-01-19 08:35:36 .
2020-01-19 08:37:45 Log configured at 
2020-01-19 08:37:46 Simulation resuming
2020-01-19 08:37:46 .
2020-01-19 08:37:46 .
2020-01-19 08:37:46 .
2020-01-19 08:37:46 .
2020-01-19 08:37:46 .
2020-01-19 08:37:46 .
2020-01-19 08:37:46 .
2020-01-19 08:37:47 .
2020-01-19 08:37:47 .
2020-01-19 08:37:47 .
2020-01-19 08:37:47 .
2020-01-19 08:37:47 .
2020-01-19 08:37:47 .
2020-01-19 08:37:47 .
2020-01-19 08:37:47 .
2020-01-19 08:37:47 .
2020-01-19 08:37:47 .
2020-01-19 08:37:48 .
2020-01-19 08:37:48 .
2020-01-19 08:37:48 .
2020-01-19 08:37:48 .
2020-01-19 08:37:48 .
2020-01-19 08:37:48 .
2020-01-19 08:37:48 .
2020-01-19 08:37:48 .
2020-01-19 08:37:48 .
2020-01-19 08:37:48 .
2020-01-19 08:37:49 .
2020-01-19 08:37:49 .
2020-01-19 08:37:49 .
2020-01-19 08:37:49 .
2020-01-19 08:37:49 .
2020-01-19 08:37:49 .
2020-01-19 09:02:40 Log configured at 
2020-01-19 09:02:42 Simulation resuming
2020-01-19 09:02:42 .
2020-01-19 09:02:42 .
2020-01-19 09:02:42 .
2020-01-19 09:02:42 .
2020-01-19 09:02:42 .
2020-01-19 09:02:42 .
2020-01-19 09:02:42 .
2020-01-19 09:02:43 .
2020-01-19 09:02:43 .
2020-01-19 09:02:43 .
2020-01-19 09:02:43 .
2020-01-19 09:40:24 Log configured at 
2020-01-19 09:41:16 Log configured at 
2020-01-19 09:41:17 Simulation resuming
2020-01-19 09:42:03 Log configured at 
2020-01-19 09:42:04 Simulation resuming
2020-01-19 09:42:04 .
2020-01-19 09:42:04 .
2020-01-19 09:42:04 .
2020-01-19 09:42:05 .
2020-01-19 09:42:05 .
2020-01-19 09:42:05 .
2020-01-19 09:42:05 .
2020-01-19 09:42:05 .
2020-01-19 09:42:05 .
2020-01-19 09:42:05 .
2020-01-19 09:42:05 .
2020-01-19 09:42:05 .
2020-01-19 09:42:05 .
2020-01-19 09:42:06 .
2020-01-19 09:42:06 .
2020-01-19 09:42:06 .
2020-01-19 09:42:45 Log configured at 
2020-01-19 09:42:46 Simulation resuming
2020-01-19 09:42:46 .
2020-01-19 09:42:47 .
2020-01-19 09:42:48 .
2020-01-19 09:45:02 Log configured at 
2020-01-19 09:45:03 Simulation resuming
2020-01-19 09:45:03 .
2020-01-19 09:45:04 .
2020-01-19 09:46:20 Log configured at 
2020-01-19 09:46:22 Simulation resuming
2020-01-19 09:46:22 .
2020-01-19 09:46:23 .
2020-01-19 09:46:24 .
2020-01-19 09:46:25 ############################################
2020-01-19 09:46:25 Exiting...
2020-01-19 09:47:20 Log configured at 
2020-01-19 09:47:21 Simulation resuming
2020-01-19 09:47:21 .
2020-01-19 09:47:22 .
2020-01-19 09:47:23 ############################################
2020-01-19 09:47:23 Exiting...
2020-01-19 09:49:30 Log configured at 
2020-01-19 09:49:31 Simulation resuming
2020-01-19 09:49:31 .
2020-01-19 09:49:32 .
2020-01-19 09:49:33 ############################################
2020-01-19 09:49:33 Exiting...
2020-01-19 09:49:33 Goodbye.
2020-01-19 11:19:02 Log configured at 
2020-01-19 11:19:05 Simulation resuming
2020-01-19 11:19:05 .
2020-01-19 11:19:06 .
2020-01-19 11:19:07 .
2020-01-19 11:19:08 .
2020-01-19 11:19:09 ############################################
2020-01-19 11:19:09 Exiting...
2020-01-19 11:19:09 Goodbye.
2020-01-19 11:20:02 Log configured at 
2020-01-19 11:20:03 Simulation resuming
2020-01-19 11:20:03 .
2020-01-19 11:20:04 .
2020-01-19 11:20:05 --paused--
2020-01-19 11:20:06 --paused--
2020-01-19 11:20:07 --paused--
2020-01-19 11:20:08 .
2020-01-19 11:20:09 .
2020-01-19 11:20:10 ############################################
2020-01-19 11:20:10 Exiting...
2020-01-19 11:20:10 Goodbye.
2020-01-19 11:21:10 Log configured at 
2020-01-19 11:21:11 Simulation resuming
2020-01-19 11:21:11 .
2020-01-19 11:21:12 .
2020-01-19 11:21:13 .
2020-01-19 11:21:13 Pausing...
2020-01-19 11:21:14 --paused--
2020-01-19 11:21:15 --paused--
2020-01-19 11:21:16 --paused--
2020-01-19 11:21:16 Resuming...
2020-01-19 11:21:17 .
2020-01-19 11:21:18 ############################################
2020-01-19 11:21:18 Exiting...
2020-01-19 11:21:18 Goodbye.
2020-01-19 11:22:18 Log configured at 
2020-01-19 11:22:19 Simulation resuming
2020-01-19 11:22:19 .
2020-01-19 11:22:20 .
2020-01-19 11:22:20 Pausing...
2020-01-19 11:22:21 --paused--
2020-01-19 11:22:22 --paused--
2020-01-19 11:22:23 --paused--
2020-01-19 11:22:23 Resuming...
2020-01-19 11:22:24 .
2020-01-19 11:22:25 .
2020-01-19 11:22:26 .
2020-01-19 11:22:26 Stopping...
2020-01-19 11:22:27 ############################################
2020-01-19 11:22:27 Exiting...
2020-01-19 11:22:27 Goodbye.
2020-01-19 11:27:34 Log configured at 
2020-01-19 11:27:35 Simulation resuming
2020-01-19 11:27:35 .
2020-01-19 11:27:36 .
2020-01-19 11:27:37 .
2020-01-19 11:27:38 .
2020-01-19 11:27:39 .
2020-01-19 11:27:40 Resetting...
2020-01-19 11:27:40 Sim reset
2020-01-19 11:28:31 Log configured at 
2020-01-19 11:28:32 Simulation resuming
2020-01-19 11:28:32 .
2020-01-19 11:28:33 .
2020-01-19 11:28:33 Resetting...
2020-01-19 11:28:34 Sim reset
2020-01-19 11:30:01 Log configured at 
2020-01-19 11:30:02 Simulation resuming
2020-01-19 11:30:02 .
2020-01-19 11:30:03 .
2020-01-19 11:30:03 Resetting...
2020-01-19 11:30:04 Sim reset
2020-01-19 11:30:04 .
2020-01-19 11:30:05 Sim reset
2020-01-19 11:30:05 .
2020-01-19 11:30:05 Stopping...
2020-01-19 11:30:06 Sim reset
2020-01-19 11:30:06 ############################################
2020-01-19 11:30:06 Exiting...
2020-01-19 11:30:06 Goodbye.
2020-01-19 11:32:07 Log configured at 
2020-01-19 11:32:09 Simulation resuming
2020-01-19 11:32:09 .
2020-01-19 11:32:10 .
2020-01-19 11:32:11 .
2020-01-19 11:32:12 .
2020-01-19 11:32:13 Resetting...
2020-01-19 11:32:13 Sim reset
2020-01-19 11:32:13 .
2020-01-19 11:32:14 .
2020-01-19 11:32:15 .
2020-01-19 11:32:16 .
2020-01-19 11:32:17 .
2020-01-19 11:32:17 Stopping...
2020-01-19 11:32:18 ############################################
2020-01-19 11:32:18 Exiting...
2020-01-19 11:32:18 Goodbye.
2020-01-19 11:33:37 Log configured at 
2020-01-19 11:33:38 Simulation resuming
2020-01-19 11:33:38 .
2020-01-19 11:33:39 .
2020-01-19 11:33:40 .
2020-01-19 11:33:41 Pausing...
2020-01-19 11:33:41 --paused--
2020-01-19 11:33:42 --paused--
2020-01-19 11:33:43 --paused--
2020-01-19 11:33:44 --paused--
2020-01-19 11:33:45 Resuming...
2020-01-19 11:33:45 .
2020-01-19 11:33:46 .
2020-01-19 11:33:47 .
2020-01-19 11:33:48 Resetting...
2020-01-19 11:33:48 Sim resetting...
2020-01-19 11:33:48 Reset complete
2020-01-19 11:33:48 .
2020-01-19 11:33:49 .
2020-01-19 11:33:50 .
2020-01-19 11:33:51 .
2020-01-19 11:33:52 Stopping...
2020-01-19 11:33:52 ############################################
2020-01-19 11:33:52 Exiting...
2020-01-19 11:33:52 Goodbye.
